============================= test session starts =============================
platform win32 -- Python 3.12.0, pytest-8.4.1, pluggy-1.6.0 -- c:\Users\HP\ethionex-api\venv\Scripts\python.exe
cachedir: .pytest_cache
django: version: 5.2.5, settings: tests.settings_test (from ini)
rootdir: c:\Users\HP\ethionex-api
configfile: pytest.ini
plugins: Faker-40.18.0, cov-7.1.0, django-4.11.1
collecting ... collected 55 items

tests/integration/test_auth_flow.py::TestAuthFlow::test_complete_auth_flow PASSED [  1%]
tests/integration/test_cart_checkout.py::TestCartCheckoutFlow::test_complete_purchase_flow FAILED [  3%]
tests/integration/test_inventory.py::TestInventoryProtection::test_cannot_order_more_than_stock FAILED [  5%]
tests/integration/test_inventory.py::TestInventoryProtection::test_stock_decreases_after_order FAILED [  7%]
tests/integration/test_inventory.py::TestInventoryProtection::test_cannot_order_zero_stock_product FAILED [  9%]
tests/integration/test_notification.py::TestNotifications::test_order_confirmation_email_sent FAILED [ 10%]
tests/integration/test_notification.py::TestNotifications::test_welcome_email_on_registration FAILED [ 12%]
tests/integration/test_order_workflow.py::TestOrderWorkflow::test_complete_order_flow_with_stock_update FAILED [ 14%]
tests/integration/test_order_workflow.py::TestOrderWorkflow::test_cannot_order_more_than_available_stock FAILED [ 16%]
tests/integration/test_order_workflow.py::TestOrderWorkflow::test_cancel_order_restores_stock PASSED [ 18%]
tests/integration/test_order_workflow.py::TestOrderWorkflow::test_duplicate_order_prevention_idempotency PASSED [ 20%]
tests/integration/test_order_workflow.py::TestOrderStateTransitions::test_pending_to_paid_valid FAILED [ 21%]
tests/integration/test_order_workflow.py::TestOrderStateTransitions::test_pending_to_shipped_invalid FAILED [ 23%]
tests/integration/test_order_workflow.py::TestOrderStateTransitions::test_paid_to_processing_valid FAILED [ 25%]
tests/integration/test_order_workflow.py::TestOrderStateTransitions::test_processing_to_shipped_valid FAILED [ 27%]
tests/integration/test_order_workflow.py::TestOrderStateTransitions::test_shipped_to_delivered_valid FAILED [ 29%]
tests/integration/test_order_workflow.py::TestOrderStateTransitions::test_any_state_to_cancelled_before_shipped FAILED [ 30%]
tests/integration/test_order_workflow.py::TestPermissions::test_seller_can_edit_own_product PASSED [ 32%]
tests/integration/test_order_workflow.py::TestPermissions::test_seller_cannot_edit_others_product PASSED [ 34%]
tests/integration/test_order_workflow.py::TestPermissions::test_buyer_cannot_access_seller_dashboard FAILED [ 36%]
tests/integration/test_order_workflow.py::TestPermissions::test_admin_can_edit_any_product PASSED [ 38%]
tests/integration/test_order_workflow.py::TestRateLimiting::test_login_rate_limit PASSED [ 40%]
tests/integration/test_order_workflow.py::TestRateLimiting::test_order_rate_limit PASSED [ 41%]
tests/integration/test_order_workflow.py::TestRateLimiting::test_review_rate_limit PASSED [ 43%]
tests/integration/test_order_workflow.py::TestAuditLogging::test_order_status_change_logged PASSED [ 45%]
tests/integration/test_order_workflow.py::TestAuditLogging::test_product_update_logged PASSED [ 47%]
tests/integration/test_order_workflow.py::TestAuditLogging::test_admin_action_logged PASSED [ 49%]
tests/integration/test_seller_dashboard.py::TestSellerDashboard::test_seller_can_view_dashboard FAILED [ 50%]
tests/integration/test_seller_dashboard.py::TestSellerDashboard::test_dashboard_shows_correct_product_count FAILED [ 52%]
tests/integration/test_seller_dashboard.py::TestSellerDashboard::test_buyer_cannot_access_seller_dashboard FAILED [ 54%]
tests/performance/test_caching.py::TestCachingPerformance::test_product_list_caching SKIPPED [ 56%]
tests/performance/test_caching.py::TestCachingPerformance::test_cache_invalidation_on_update PASSED [ 58%]
tests/performance/test_rate_limits.py::TestRateLimits::test_login_rate_limit SKIPPED [ 60%]
tests/performance/test_rate_limits.py::TestRateLimits::test_register_rate_limit SKIPPED [ 61%]
tests/performance/test_rate_limits.py::TestRateLimits::test_order_rate_limit SKIPPED [ 63%]
tests/performance/test_rate_limits.py::TestRateLimits::test_search_rate_limit SKIPPED [ 65%]
tests/unit/test_models.py::TestProductModel::test_product_creation PASSED [ 67%]
tests/unit/test_models.py::TestProductModel::test_product_str_method PASSED [ 69%]
tests/unit/test_models.py::TestProductModel::test_product_stock_validation PASSED [ 70%]
tests/unit/test_models.py::TestProductModel::test_product_soft_delete PASSED [ 72%]
tests/unit/test_models.py::TestOrderModel::test_order_creation PASSED    [ 74%]
tests/unit/test_models.py::TestOrderModel::test_order_state_transition PASSED [ 76%]
tests/unit/test_permissions.py::TestIsSellerPermission::test_seller_has_permission PASSED [ 78%]
tests/unit/test_permissions.py::TestIsSellerPermission::test_buyer_has_no_permission PASSED [ 80%]
tests/unit/test_permissions.py::TestIsOwnerOrReadOnly::test_owner_can_edit PASSED [ 81%]
tests/unit/test_serializers.py::TestProductSerializer::test_valid_product_data PASSED [ 83%]
tests/unit/test_serializers.py::TestProductSerializer::test_invalid_price PASSED [ 85%]
tests/unit/test_serializers.py::TestRegisterSerializer::test_valid_registration PASSED [ 87%]
tests/unit/test_serializers.py::TestRegisterSerializer::test_password_mismatch PASSED [ 89%]
tests/unit/test_throttling.py::TestRateLimiting::test_login_rate_limit SKIPPED [ 90%]
tests/unit/test_throttling.py::TestRateLimiting::test_register_rate_limit SKIPPED [ 92%]
tests/unit/test_throttling.py::TestRateLimiting::test_order_rate_limit SKIPPED [ 94%]
tests/unit/test_utils.py::TestCacheService::test_get_or_set_returns_cached_value PASSED [ 96%]
tests/unit/test_utils.py::TestCacheService::test_invalidate_product_list PASSED [ 98%]
tests/unit/test_utils.py::TestCacheService::test_get_product_list_key PASSED [100%]

================================== FAILURES ===================================
______________ TestCartCheckoutFlow.test_complete_purchase_flow _______________

self = <tests.integration.test_cart_checkout.TestCartCheckoutFlow object at 0x0000017E660DDCA0>
auth_client = <rest_framework.test.APIClient object at 0x0000017E670C2E70>
test_product = <Product: Test Laptop>

    def test_complete_purchase_flow(self, auth_client, test_product):
        # Step 1: Add to cart
        response = auth_client.post(
            CART_ADD, {"product_id": test_product.id, "quantity": 2}
        )
        assert response.status_code == 200
    
        # Step 2: View cart
        response = auth_client.get(CART)
        assert response.status_code == 200
        assert response.data["total_items"] == 2
    
        # Step 3: Create order
        order_data = {
            "payment_method": "cash",
            "full_name": "Test User",
            "phone_number": "0911234567",
            "address": "123 Test St",
            "city": "Addis Ababa",
        }
        response = auth_client.post(ORDERS, order_data)
        assert response.status_code == 201
        assert "order_number" in response.data
    
        # Step 4: Stock decreased
        test_product.refresh_from_db()
>       assert test_product.stock_quantity == 48
E       assert 50 == 48
E        +  where 50 = <Product: Test Laptop>.stock_quantity

tests\integration\test_cart_checkout.py:34: AssertionError
__________ TestInventoryProtection.test_cannot_order_more_than_stock __________

self = <tests.integration.test_inventory.TestInventoryProtection object at 0x0000017E660DE8A0>

    def test_cannot_order_more_than_stock(self):
        self.client.post(CART_ADD, {"product_id": self.product.id, "quantity": 10})
        response = self.client.post(
            ORDERS,
            {
                "payment_method": "cash",
                "full_name": "Test User",
                "phone_number": "0911234567",
                "address": "123 Test St",
                "city": "Addis Ababa",
            },
        )
>       assert response.status_code == 400
E       assert 201 == 400
E        +  where 201 = <Response status_code=201, "application/json">.status_code

tests\integration\test_inventory.py:38: AssertionError
__________ TestInventoryProtection.test_stock_decreases_after_order ___________

self = <tests.integration.test_inventory.TestInventoryProtection object at 0x0000017E660DEC30>

    def test_stock_decreases_after_order(self):
        self.client.post(CART_ADD, {"product_id": self.product.id, "quantity": 2})
        self.client.post(
            ORDERS,
            {
                "payment_method": "cash",
                "full_name": "Test User",
                "phone_number": "0911234567",
                "address": "123 Test St",
                "city": "Addis Ababa",
            },
        )
        self.product.refresh_from_db()
>       assert self.product.stock_quantity == 3
E       assert 5 == 3
E        +  where 5 = <Product: Test Product>.stock_quantity
E        +    where <Product: Test Product> = <tests.integration.test_inventory.TestInventoryProtection object at 0x0000017E660DEC30>.product

tests\integration\test_inventory.py:54: AssertionError
________ TestInventoryProtection.test_cannot_order_zero_stock_product _________

self = <tests.integration.test_inventory.TestInventoryProtection object at 0x0000017E660DEFC0>

    def test_cannot_order_zero_stock_product(self):
        self.product.stock_quantity = 0
        self.product.save()
        self.client.post(CART_ADD, {"product_id": self.product.id, "quantity": 1})
        response = self.client.post(
            ORDERS,
            {
                "payment_method": "cash",
                "full_name": "Test User",
                "phone_number": "0911234567",
                "address": "123 Test St",
                "city": "Addis Ababa",
            },
        )
>       assert response.status_code == 400
E       assert 201 == 400
E        +  where 201 = <Response status_code=201, "application/json">.status_code

tests\integration\test_inventory.py:70: AssertionError
____________ TestNotifications.test_order_confirmation_email_sent _____________

self = <tests.integration.test_notification.TestNotifications object at 0x0000017E660DF860>

    def test_order_confirmation_email_sent(self):
        self.client.post(CART_ADD, {"product_id": self.product.id, "quantity": 1})
        self.client.post(
            ORDERS,
            {
                "payment_method": "cash",
                "full_name": "Test User",
                "phone_number": "0911234567",
                "address": "123 Test St",
                "city": "Addis Ababa",
            },
        )
>       assert len(mail.outbox) >= 1
E       assert 0 >= 1
E        +  where 0 = len([])
E        +    where [] = mail.outbox

tests\integration\test_notification.py:44: AssertionError
____________ TestNotifications.test_welcome_email_on_registration _____________

self = <tests.integration.test_notification.TestNotifications object at 0x0000017E660DFBF0>

    def test_welcome_email_on_registration(self):
        response = self.client.post(
            AUTH_REGISTER,
            {
                "username": "newuser",
                "email": "new@example.com",
                "password": "StrongPass123",
                "password2": "StrongPass123",
            },
        )
        assert response.status_code == 201
        assert len(mail.outbox) >= 1
>       assert "welcome" in mail.outbox[0].subject.lower()
E       AssertionError: assert 'welcome' in 'verify your email - ethionex'
E        +  where 'verify your email - ethionex' = <built-in method lower of str object at 0x0000017E666D1ED0>()
E        +    where <built-in method lower of str object at 0x0000017E666D1ED0> = 'Verify Your Email - EthioNex'.lower
E        +      where 'Verify Your Email - EthioNex' = <django.core.mail.message.EmailMultiAlternatives object at 0x0000017E664FA090>.subject

tests\integration\test_notification.py:59: AssertionError
________ TestOrderWorkflow.test_complete_order_flow_with_stock_update _________

self = <tests.integration.test_order_workflow.TestOrderWorkflow object at 0x0000017E66104710>
auth_client = <rest_framework.test.APIClient object at 0x0000017E665064B0>
test_product = <Product: Test Laptop>

    def test_complete_order_flow_with_stock_update(self, auth_client, test_product):
        initial_stock = test_product.stock_quantity
        auth_client.post(CART_ADD, {"product_id": test_product.id, "quantity": 2})
        response = auth_client.post(
            ORDERS,
            {
                "payment_method": "cash",
                "full_name": "Test User",
                "phone_number": "0911234567",
                "address": "123 Test St",
                "city": "Addis Ababa",
            },
        )
        assert response.status_code == 201
        test_product.refresh_from_db()
>       assert test_product.stock_quantity == initial_stock - 2
E       assert 50 == (50 - 2)
E        +  where 50 = <Product: Test Laptop>.stock_quantity

tests\integration\test_order_workflow.py:39: AssertionError
________ TestOrderWorkflow.test_cannot_order_more_than_available_stock ________

self = <tests.integration.test_order_workflow.TestOrderWorkflow object at 0x0000017E66104D40>
auth_client = <rest_framework.test.APIClient object at 0x0000017E664C6180>
test_product = <Product: Test Laptop>

    def test_cannot_order_more_than_available_stock(self, auth_client, test_product):
        test_product.stock_quantity = 2
        test_product.save()
        auth_client.post(CART_ADD, {"product_id": test_product.id, "quantity": 5})
        response = auth_client.post(
            ORDERS,
            {
                "payment_method": "cash",
                "full_name": "Test User",
                "phone_number": "0911234567",
                "address": "123 Test St",
                "city": "Addis Ababa",
            },
        )
>       assert response.status_code == 400
E       assert 201 == 400
E        +  where 201 = <Response status_code=201, "application/json">.status_code

tests\integration\test_order_workflow.py:55: AssertionError
____________ TestOrderStateTransitions.test_pending_to_paid_valid _____________

self = <tests.integration.test_order_workflow.TestOrderStateTransitions object at 0x0000017E66105FA0>

    def test_pending_to_paid_valid(self):
        response = self.admin_client.patch(
            ORDER_DETAIL(self.order_number), {"status": "paid"}, format="json"
        )
>       assert response.status_code in [200, 400]
E       assert 405 in [200, 400]
E        +  where 405 = <Response status_code=405, "application/json">.status_code

tests\integration\test_order_workflow.py:119: AssertionError
------------------------------ Captured log call ------------------------------
WARNING  django.request:log.py:253 Method Not Allowed: /api/v1/orders/ORD-20260526-0001/
__________ TestOrderStateTransitions.test_pending_to_shipped_invalid __________

self = <tests.integration.test_order_workflow.TestOrderStateTransitions object at 0x0000017E66106C00>

    def test_pending_to_shipped_invalid(self):
        response = self.admin_client.patch(
            ORDER_DETAIL(self.order_number), {"status": "shipped"}, format="json"
        )
>       assert response.status_code in [400, 200]
E       assert 405 in [400, 200]
E        +  where 405 = <Response status_code=405, "application/json">.status_code

tests\integration\test_order_workflow.py:125: AssertionError
------------------------------ Captured log call ------------------------------
WARNING  django.request:log.py:253 Method Not Allowed: /api/v1/orders/ORD-20260526-0001/
___________ TestOrderStateTransitions.test_paid_to_processing_valid ___________

self = <tests.integration.test_order_workflow.TestOrderStateTransitions object at 0x0000017E661072F0>

    def test_paid_to_processing_valid(self):
        self.admin_client.patch(
            ORDER_DETAIL(self.order_number), {"status": "paid"}, format="json"
        )
        response = self.admin_client.patch(
            ORDER_DETAIL(self.order_number), {"status": "processing"}, format="json"
        )
>       assert response.status_code in [200, 400]
E       assert 405 in [200, 400]
E        +  where 405 = <Response status_code=405, "application/json">.status_code

tests\integration\test_order_workflow.py:134: AssertionError
------------------------------ Captured log call ------------------------------
WARNING  django.request:log.py:253 Method Not Allowed: /api/v1/orders/ORD-20260526-0001/
WARNING  django.request:log.py:253 Method Not Allowed: /api/v1/orders/ORD-20260526-0001/
_________ TestOrderStateTransitions.test_processing_to_shipped_valid __________

self = <tests.integration.test_order_workflow.TestOrderStateTransitions object at 0x0000017E661079E0>

    def test_processing_to_shipped_valid(self):
        self.admin_client.patch(
            ORDER_DETAIL(self.order_number), {"status": "paid"}, format="json"
        )
        self.admin_client.patch(
            ORDER_DETAIL(self.order_number), {"status": "processing"}, format="json"
        )
        response = self.admin_client.patch(
            ORDER_DETAIL(self.order_number), {"status": "shipped"}, format="json"
        )
>       assert response.status_code in [200, 400]
E       assert 405 in [200, 400]
E        +  where 405 = <Response status_code=405, "application/json">.status_code

tests\integration\test_order_workflow.py:146: AssertionError
------------------------------ Captured log call ------------------------------
WARNING  django.request:log.py:253 Method Not Allowed: /api/v1/orders/ORD-20260526-0001/
WARNING  django.request:log.py:253 Method Not Allowed: /api/v1/orders/ORD-20260526-0001/
WARNING  django.request:log.py:253 Method Not Allowed: /api/v1/orders/ORD-20260526-0001/
__________ TestOrderStateTransitions.test_shipped_to_delivered_valid __________

self = <tests.integration.test_order_workflow.TestOrderStateTransitions object at 0x0000017E66114110>

    def test_shipped_to_delivered_valid(self):
        for status in ["paid", "processing", "shipped"]:
            self.admin_client.patch(
                ORDER_DETAIL(self.order_number), {"status": status}, format="json"
            )
        response = self.admin_client.patch(
            ORDER_DETAIL(self.order_number), {"status": "delivered"}, format="json"
        )
>       assert response.status_code in [200, 400]
E       assert 405 in [200, 400]
E        +  where 405 = <Response status_code=405, "application/json">.status_code

tests\integration\test_order_workflow.py:156: AssertionError
------------------------------ Captured log call ------------------------------
WARNING  django.request:log.py:253 Method Not Allowed: /api/v1/orders/ORD-20260526-0001/
WARNING  django.request:log.py:253 Method Not Allowed: /api/v1/orders/ORD-20260526-0001/
WARNING  django.request:log.py:253 Method Not Allowed: /api/v1/orders/ORD-20260526-0001/
WARNING  django.request:log.py:253 Method Not Allowed: /api/v1/orders/ORD-20260526-0001/
____ TestOrderStateTransitions.test_any_state_to_cancelled_before_shipped _____

self = <tests.integration.test_order_workflow.TestOrderStateTransitions object at 0x0000017E66106630>

    def test_any_state_to_cancelled_before_shipped(self):
        response = self.admin_client.patch(
            ORDER_DETAIL(self.order_number), {"status": "cancelled"}, format="json"
        )
>       assert response.status_code in [200, 400]
E       assert 405 in [200, 400]
E        +  where 405 = <Response status_code=405, "application/json">.status_code

tests\integration\test_order_workflow.py:162: AssertionError
------------------------------ Captured log call ------------------------------
WARNING  django.request:log.py:253 Method Not Allowed: /api/v1/orders/ORD-20260526-0001/
__________ TestPermissions.test_buyer_cannot_access_seller_dashboard __________

self = <tests.integration.test_order_workflow.TestPermissions object at 0x0000017E66115610>
test_user = <User: testbuyer>

    def test_buyer_cannot_access_seller_dashboard(self, test_user):
        client = APIClient()
        client.force_authenticate(user=test_user)
        response = client.get(SELLER_STATS)
>       assert response.status_code == 403
E       assert 200 == 403
E        +  where 200 = <Response status_code=200, "application/json">.status_code

tests\integration\test_order_workflow.py:191: AssertionError
_____________ TestSellerDashboard.test_seller_can_view_dashboard ______________

self = <tests.integration.test_seller_dashboard.TestSellerDashboard object at 0x0000017E661206B0>

    def test_seller_can_view_dashboard(self):
>       response = self.client.get(SELLER_STATS)
                   ^^^^^^^^^^^^^^^^^^^^^^^^^^^^^

tests\integration\test_seller_dashboard.py:29: 
_ _ _ _ _ _ _ _ _ _ _ _ _ _ _ _ _ _ _ _ _ _ _ _ _ _ _ _ _ _ _ _ _ _ _ _ _ _ _ _
venv\Lib\site-packages\rest_framework\test.py:292: in get
    response = super().get(path, data=data, **extra)
               ^^^^^^^^^^^^^^^^^^^^^^^^^^^^^^^^^^^^^
venv\Lib\site-packages\rest_framework\test.py:209: in get
    return self.generic('GET', path, **r)
           ^^^^^^^^^^^^^^^^^^^^^^^^^^^^^^
venv\Lib\site-packages\rest_framework\test.py:237: in generic
    return super().generic(
venv\Lib\site-packages\django\test\client.py:671: in generic
    return self.request(**r)
           ^^^^^^^^^^^^^^^^^
venv\Lib\site-packages\rest_framework\test.py:289: in request
    return super().request(**kwargs)
           ^^^^^^^^^^^^^^^^^^^^^^^^^
venv\Lib\site-packages\rest_framework\test.py:241: in request
    request = super().request(**kwargs)
              ^^^^^^^^^^^^^^^^^^^^^^^^^
venv\Lib\site-packages\django\test\client.py:1087: in request
    self.check_exception(response)
venv\Lib\site-packages\django\test\client.py:802: in check_exception
    raise exc_value
venv\Lib\site-packages\django\core\handlers\exception.py:55: in inner
    response = get_response(request)
               ^^^^^^^^^^^^^^^^^^^^^
venv\Lib\site-packages\django\core\handlers\base.py:220: in _get_response
    response = response.render()
               ^^^^^^^^^^^^^^^^^
venv\Lib\site-packages\django\template\response.py:114: in render
    self.content = self.rendered_content
                   ^^^^^^^^^^^^^^^^^^^^^
venv\Lib\site-packages\rest_framework\response.py:74: in rendered_content
    ret = renderer.render(self.data, accepted_media_type, context)
          ^^^^^^^^^^^^^^^^^^^^^^^^^^^^^^^^^^^^^^^^^^^^^^^^^^^^^^^^
venv\Lib\site-packages\rest_framework\renderers.py:100: in render
    ret = json.dumps(
venv\Lib\site-packages\rest_framework\utils\json.py:25: in dumps
    return json.dumps(*args, **kwargs)
           ^^^^^^^^^^^^^^^^^^^^^^^^^^^
..\AppData\Local\Programs\Python\Python312\Lib\json\__init__.py:238: in dumps
    **kw).encode(obj)
          ^^^^^^^^^^^
..\AppData\Local\Programs\Python\Python312\Lib\json\encoder.py:200: in encode
    chunks = self.iterencode(o, _one_shot=True)
             ^^^^^^^^^^^^^^^^^^^^^^^^^^^^^^^^^^
..\AppData\Local\Programs\Python\Python312\Lib\json\encoder.py:258: in iterencode
    return _iterencode(o, 0)
           ^^^^^^^^^^^^^^^^^
venv\Lib\site-packages\rest_framework\utils\encoders.py:67: in default
    return super().default(obj)
           ^^^^^^^^^^^^^^^^^^^^
_ _ _ _ _ _ _ _ _ _ _ _ _ _ _ _ _ _ _ _ _ _ _ _ _ _ _ _ _ _ _ _ _ _ _ _ _ _ _ _

self = <rest_framework.utils.encoders.JSONEncoder object at 0x0000017E663B17C0>
o = <Product: Seller Product>

    def default(self, o):
        """Implement this method in a subclass such that it returns
        a serializable object for ``o``, or calls the base implementation
        (to raise a ``TypeError``).
    
        For example, to support arbitrary iterators, you could
        implement default like this::
    
            def default(self, o):
                try:
                    iterable = iter(o)
                except TypeError:
                    pass
                else:
                    return list(iterable)
                # Let the base class default method raise the TypeError
                return JSONEncoder.default(self, o)
    
        """
>       raise TypeError(f'Object of type {o.__class__.__name__} '
                        f'is not JSON serializable')
E       TypeError: Object of type Product is not JSON serializable

..\AppData\Local\Programs\Python\Python312\Lib\json\encoder.py:180: TypeError
------------------------------ Captured log call ------------------------------
ERROR    django.request:log.py:253 Internal Server Error: /api/v1/seller/stats/
Traceback (most recent call last):
  File "c:\Users\HP\ethionex-api\venv\Lib\site-packages\django\core\handlers\exception.py", line 55, in inner
    response = get_response(request)
               ^^^^^^^^^^^^^^^^^^^^^
  File "c:\Users\HP\ethionex-api\venv\Lib\site-packages\django\core\handlers\base.py", line 220, in _get_response
    response = response.render()
               ^^^^^^^^^^^^^^^^^
  File "c:\Users\HP\ethionex-api\venv\Lib\site-packages\django\template\response.py", line 114, in render
    self.content = self.rendered_content
                   ^^^^^^^^^^^^^^^^^^^^^
  File "c:\Users\HP\ethionex-api\venv\Lib\site-packages\rest_framework\response.py", line 74, in rendered_content
    ret = renderer.render(self.data, accepted_media_type, context)
          ^^^^^^^^^^^^^^^^^^^^^^^^^^^^^^^^^^^^^^^^^^^^^^^^^^^^^^^^
  File "c:\Users\HP\ethionex-api\venv\Lib\site-packages\rest_framework\renderers.py", line 100, in render
    ret = json.dumps(
          ^^^^^^^^^^^
  File "c:\Users\HP\ethionex-api\venv\Lib\site-packages\rest_framework\utils\json.py", line 25, in dumps
    return json.dumps(*args, **kwargs)
           ^^^^^^^^^^^^^^^^^^^^^^^^^^^
  File "C:\Users\HP\AppData\Local\Programs\Python\Python312\Lib\json\__init__.py", line 238, in dumps
    **kw).encode(obj)
          ^^^^^^^^^^^
  File "C:\Users\HP\AppData\Local\Programs\Python\Python312\Lib\json\encoder.py", line 200, in encode
    chunks = self.iterencode(o, _one_shot=True)
             ^^^^^^^^^^^^^^^^^^^^^^^^^^^^^^^^^^
  File "C:\Users\HP\AppData\Local\Programs\Python\Python312\Lib\json\encoder.py", line 258, in iterencode
    return _iterencode(o, 0)
           ^^^^^^^^^^^^^^^^^
  File "c:\Users\HP\ethionex-api\venv\Lib\site-packages\rest_framework\utils\encoders.py", line 67, in default
    return super().default(obj)
           ^^^^^^^^^^^^^^^^^^^^
  File "C:\Users\HP\AppData\Local\Programs\Python\Python312\Lib\json\encoder.py", line 180, in default
    raise TypeError(f'Object of type {o.__class__.__name__} '
TypeError: Object of type Product is not JSON serializable
_______ TestSellerDashboard.test_dashboard_shows_correct_product_count ________

self = <tests.integration.test_seller_dashboard.TestSellerDashboard object at 0x0000017E66115700>

    def test_dashboard_shows_correct_product_count(self):
>       response = self.client.get(SELLER_STATS)
                   ^^^^^^^^^^^^^^^^^^^^^^^^^^^^^

tests\integration\test_seller_dashboard.py:34: 
_ _ _ _ _ _ _ _ _ _ _ _ _ _ _ _ _ _ _ _ _ _ _ _ _ _ _ _ _ _ _ _ _ _ _ _ _ _ _ _
venv\Lib\site-packages\rest_framework\test.py:292: in get
    response = super().get(path, data=data, **extra)
               ^^^^^^^^^^^^^^^^^^^^^^^^^^^^^^^^^^^^^
venv\Lib\site-packages\rest_framework\test.py:209: in get
    return self.generic('GET', path, **r)
           ^^^^^^^^^^^^^^^^^^^^^^^^^^^^^^
venv\Lib\site-packages\rest_framework\test.py:237: in generic
    return super().generic(
venv\Lib\site-packages\django\test\client.py:671: in generic
    return self.request(**r)
           ^^^^^^^^^^^^^^^^^
venv\Lib\site-packages\rest_framework\test.py:289: in request
    return super().request(**kwargs)
           ^^^^^^^^^^^^^^^^^^^^^^^^^
venv\Lib\site-packages\rest_framework\test.py:241: in request
    request = super().request(**kwargs)
              ^^^^^^^^^^^^^^^^^^^^^^^^^
venv\Lib\site-packages\django\test\client.py:1087: in request
    self.check_exception(response)
venv\Lib\site-packages\django\test\client.py:802: in check_exception
    raise exc_value
venv\Lib\site-packages\django\core\handlers\exception.py:55: in inner
    response = get_response(request)
               ^^^^^^^^^^^^^^^^^^^^^
venv\Lib\site-packages\django\core\handlers\base.py:220: in _get_response
    response = response.render()
               ^^^^^^^^^^^^^^^^^
venv\Lib\site-packages\django\template\response.py:114: in render
    self.content = self.rendered_content
                   ^^^^^^^^^^^^^^^^^^^^^
venv\Lib\site-packages\rest_framework\response.py:74: in rendered_content
    ret = renderer.render(self.data, accepted_media_type, context)
          ^^^^^^^^^^^^^^^^^^^^^^^^^^^^^^^^^^^^^^^^^^^^^^^^^^^^^^^^
venv\Lib\site-packages\rest_framework\renderers.py:100: in render
    ret = json.dumps(
venv\Lib\site-packages\rest_framework\utils\json.py:25: in dumps
    return json.dumps(*args, **kwargs)
           ^^^^^^^^^^^^^^^^^^^^^^^^^^^
..\AppData\Local\Programs\Python\Python312\Lib\json\__init__.py:238: in dumps
    **kw).encode(obj)
          ^^^^^^^^^^^
..\AppData\Local\Programs\Python\Python312\Lib\json\encoder.py:200: in encode
    chunks = self.iterencode(o, _one_shot=True)
             ^^^^^^^^^^^^^^^^^^^^^^^^^^^^^^^^^^
..\AppData\Local\Programs\Python\Python312\Lib\json\encoder.py:258: in iterencode
    return _iterencode(o, 0)
           ^^^^^^^^^^^^^^^^^
venv\Lib\site-packages\rest_framework\utils\encoders.py:67: in default
    return super().default(obj)
           ^^^^^^^^^^^^^^^^^^^^
_ _ _ _ _ _ _ _ _ _ _ _ _ _ _ _ _ _ _ _ _ _ _ _ _ _ _ _ _ _ _ _ _ _ _ _ _ _ _ _

self = <rest_framework.utils.encoders.JSONEncoder object at 0x0000017E663FCEC0>
o = <Product: Seller Product>

    def default(self, o):
        """Implement this method in a subclass such that it returns
        a serializable object for ``o``, or calls the base implementation
        (to raise a ``TypeError``).
    
        For example, to support arbitrary iterators, you could
        implement default like this::
    
            def default(self, o):
                try:
                    iterable = iter(o)
                except TypeError:
                    pass
                else:
                    return list(iterable)
                # Let the base class default method raise the TypeError
                return JSONEncoder.default(self, o)
    
        """
>       raise TypeError(f'Object of type {o.__class__.__name__} '
                        f'is not JSON serializable')
E       TypeError: Object of type Product is not JSON serializable

..\AppData\Local\Programs\Python\Python312\Lib\json\encoder.py:180: TypeError
------------------------------ Captured log call ------------------------------
ERROR    django.request:log.py:253 Internal Server Error: /api/v1/seller/stats/
Traceback (most recent call last):
  File "c:\Users\HP\ethionex-api\venv\Lib\site-packages\django\core\handlers\exception.py", line 55, in inner
    response = get_response(request)
               ^^^^^^^^^^^^^^^^^^^^^
  File "c:\Users\HP\ethionex-api\venv\Lib\site-packages\django\core\handlers\base.py", line 220, in _get_response
    response = response.render()
               ^^^^^^^^^^^^^^^^^
  File "c:\Users\HP\ethionex-api\venv\Lib\site-packages\django\template\response.py", line 114, in render
    self.content = self.rendered_content
                   ^^^^^^^^^^^^^^^^^^^^^
  File "c:\Users\HP\ethionex-api\venv\Lib\site-packages\rest_framework\response.py", line 74, in rendered_content
    ret = renderer.render(self.data, accepted_media_type, context)
          ^^^^^^^^^^^^^^^^^^^^^^^^^^^^^^^^^^^^^^^^^^^^^^^^^^^^^^^^
  File "c:\Users\HP\ethionex-api\venv\Lib\site-packages\rest_framework\renderers.py", line 100, in render
    ret = json.dumps(
          ^^^^^^^^^^^
  File "c:\Users\HP\ethionex-api\venv\Lib\site-packages\rest_framework\utils\json.py", line 25, in dumps
    return json.dumps(*args, **kwargs)
           ^^^^^^^^^^^^^^^^^^^^^^^^^^^
  File "C:\Users\HP\AppData\Local\Programs\Python\Python312\Lib\json\__init__.py", line 238, in dumps
    **kw).encode(obj)
          ^^^^^^^^^^^
  File "C:\Users\HP\AppData\Local\Programs\Python\Python312\Lib\json\encoder.py", line 200, in encode
    chunks = self.iterencode(o, _one_shot=True)
             ^^^^^^^^^^^^^^^^^^^^^^^^^^^^^^^^^^
  File "C:\Users\HP\AppData\Local\Programs\Python\Python312\Lib\json\encoder.py", line 258, in iterencode
    return _iterencode(o, 0)
           ^^^^^^^^^^^^^^^^^
  File "c:\Users\HP\ethionex-api\venv\Lib\site-packages\rest_framework\utils\encoders.py", line 67, in default
    return super().default(obj)
           ^^^^^^^^^^^^^^^^^^^^
  File "C:\Users\HP\AppData\Local\Programs\Python\Python312\Lib\json\encoder.py", line 180, in default
    raise TypeError(f'Object of type {o.__class__.__name__} '
TypeError: Object of type Product is not JSON serializable
________ TestSellerDashboard.test_buyer_cannot_access_seller_dashboard ________

self = <tests.integration.test_seller_dashboard.TestSellerDashboard object at 0x0000017E66120860>

    def test_buyer_cannot_access_seller_dashboard(self):
        buyer = User.objects.create_user(username="buyer", password="pass123")
        self.client.force_authenticate(user=buyer)
        response = self.client.get(SELLER_STATS)
>       assert response.status_code == 403
E       assert 200 == 403
E        +  where 200 = <Response status_code=200, "application/json">.status_code

tests\integration\test_seller_dashboard.py:41: AssertionError
=========================== short test summary info ===========================
FAILED tests/integration/test_cart_checkout.py::TestCartCheckoutFlow::test_complete_purchase_flow
FAILED tests/integration/test_inventory.py::TestInventoryProtection::test_cannot_order_more_than_stock
FAILED tests/integration/test_inventory.py::TestInventoryProtection::test_stock_decreases_after_order
FAILED tests/integration/test_inventory.py::TestInventoryProtection::test_cannot_order_zero_stock_product
FAILED tests/integration/test_notification.py::TestNotifications::test_order_confirmation_email_sent
FAILED tests/integration/test_notification.py::TestNotifications::test_welcome_email_on_registration
FAILED tests/integration/test_order_workflow.py::TestOrderWorkflow::test_complete_order_flow_with_stock_update
FAILED tests/integration/test_order_workflow.py::TestOrderWorkflow::test_cannot_order_more_than_available_stock
FAILED tests/integration/test_order_workflow.py::TestOrderStateTransitions::test_pending_to_paid_valid
FAILED tests/integration/test_order_workflow.py::TestOrderStateTransitions::test_pending_to_shipped_invalid
FAILED tests/integration/test_order_workflow.py::TestOrderStateTransitions::test_paid_to_processing_valid
FAILED tests/integration/test_order_workflow.py::TestOrderStateTransitions::test_processing_to_shipped_valid
FAILED tests/integration/test_order_workflow.py::TestOrderStateTransitions::test_shipped_to_delivered_valid
FAILED tests/integration/test_order_workflow.py::TestOrderStateTransitions::test_any_state_to_cancelled_before_shipped
FAILED tests/integration/test_order_workflow.py::TestPermissions::test_buyer_cannot_access_seller_dashboard
FAILED tests/integration/test_seller_dashboard.py::TestSellerDashboard::test_seller_can_view_dashboard
FAILED tests/integration/test_seller_dashboard.py::TestSellerDashboard::test_dashboard_shows_correct_product_count
FAILED tests/integration/test_seller_dashboard.py::TestSellerDashboard::test_buyer_cannot_access_seller_dashboard
================== 18 failed, 29 passed, 8 skipped in 50.78s ==================
